<?xml version="1.0" encoding="UTF-8"?>
<!-- Generated by org.testng.reporters.JUnitReportReporter -->
<testsuite skipped="0" hostname="DESKTOP-9RT33CF" name="com.dmartLabs.runner.SorterTestRunner" tests="1" failures="0" timestamp="2024-05-06T14:16:34 IST" time="2.159" errors="1">
  <testcase name="scenario" time="2.159" classname="com.dmartLabs.runner.SorterTestRunner">
    <error type="java.lang.IllegalStateException" message="Cannot get a STRING value from a NUMERIC cell">
      <![CDATA[java.lang.IllegalStateException: Cannot get a STRING value from a NUMERIC cell
at org.apache.poi.xssf.usermodel.XSSFCell.typeMismatch(XSSFCell.java:987)
at org.apache.poi.xssf.usermodel.XSSFCell.getRichStringCellValue(XSSFCell.java:336)
at org.apache.poi.xssf.usermodel.XSSFCell.getStringCellValue(XSSFCell.java:280)
at com.dmartLabs.commonutils.ExcelUtils.ReadDataFromExcelDT(ExcelUtils.java:114)
at com.dmartLabs.stepdefinitions.CreateDeliveryExcelStep.provideDlvItemNumToCreateOneDeliveryWithListOfItemsUsingDTInSorterUsingExcelSheetDT(CreateDeliveryExcelStep.java:52)
at ✽.Provide dlvItemNum to CreateOneDeliveryWithListOfItemsUsingDTInSorter using excel sheetDT(file:///C:/Users/FD329/OneDrive/Desktop/PurchaseOrder_API%20Framework/./src/test/resources/features/SingleSuite/35_SorterExcel.feature:15)
]]>
    </error>
  </testcase> <!-- scenario -->
</testsuite> <!-- com.dmartLabs.runner.SorterTestRunner -->
